<?xml version="1.0" encoding="UTF-8"?>
<!-- Generated by org.testng.reporters.JUnitReportReporter -->
<testsuite hostname="CVDVWFDEV175" failures="0" tests="1" name="tests.expedia" time="13.764" errors="0" timestamp="2020-12-31T06:47:46 MST" skipped="0">
  <testcase classname="tests.expedia" name="hotelReservation" time="13.764"/>
  <system-out/>
</testsuite> <!-- tests.expedia -->
