<?xml version="1.0" encoding="UTF-8"?>
<!-- Generated by org.testng.reporters.JUnitReportReporter -->
<testsuite hostname="CVDVWFDEV175" failures="0" tests="3" name="com.Test.qa.testcases.HomePageTest" time="41.503" errors="0" timestamp="2021-01-06T01:20:07 MST" skipped="0">
  <testcase classname="com.Test.qa.testcases.HomePageTest" name="homePageTitleTest" time="7.197"/>
  <system-out/>
  <testcase classname="com.Test.qa.testcases.HomePageTest" name="homePageLabelTest" time="23.469"/>
  <system-out/>
  <testcase classname="com.Test.qa.testcases.HomePageTest" name="searchTest" time="10.837"/>
  <system-out/>
</testsuite> <!-- com.Test.qa.testcases.HomePageTest -->
