<?xml version="1.0" encoding="UTF-8"?>
<!-- Generated by org.testng.reporters.JUnitReportReporter -->
<testsuite hostname="CVDVWFDEV175" failures="0" tests="1" name="com.practice.MavenTest.SampleSeleniumTest" time="0.653" errors="0" timestamp="2020-12-30T05:40:28 MST" skipped="0">
  <testcase classname="com.practice.MavenTest.SampleSeleniumTest" name="Login" time="0.653"/>
  <system-out/>
</testsuite> <!-- com.practice.MavenTest.SampleSeleniumTest -->
