<?xml version="1.0" encoding="UTF-8"?>
<!-- Generated by org.testng.reporters.JUnitReportReporter -->
<testsuite hostname="CVDVWFDEV175" failures="0" tests="1" name="demopackage.NewTestNG" time="0.006" errors="0" timestamp="2020-12-10T07:33:21 MST" skipped="0">
  <testcase classname="demopackage.NewTestNG" name="flipkart" time="0.006"/>
  <system-out/>
</testsuite> <!-- demopackage.NewTestNG -->
